[33mConfiguration file: none[0m
            Source: /home/webdev/DynamicDoughnut.github.io
       Destination: /home/webdev/DynamicDoughnut.github.io/_site
 Incremental build: disabled. Enable with --incremental
      Generating... 
                    done in 0.01 seconds.
 Auto-regeneration: enabled for '/home/webdev/DynamicDoughnut.github.io'
    Server address: http://127.0.0.1:4000
  Server running... press ctrl-c to stop.
      Regenerating: 1 file(s) changed at 2024-07-17 22:23:23
                    nohup.out
                    ...done in 0.002660766 seconds.
                    
      Regenerating: 1 file(s) changed at 2024-07-17 22:23:23
                    nohup.out
                    ...done in 0.002575747 seconds.
                    
      Regenerating: 1 file(s) changed at 2024-07-17 22:23:23
                    nohup.out
                    ...done in 0.002585686 seconds.
                    
      Regenerating: 1 file(s) changed at 2024-07-17 22:23:23
                    nohup.out
                    ...done in 0.003266086 seconds.
                    
      Regenerating: 1 file(s) changed at 2024-07-17 22:23:23
                    nohup.out
                    ...done in 0.002533979 seconds.
                    
      Regenerating: 1 file(s) changed at 2024-07-17 22:23:24
                    nohup.out
                    ...done in 0.002720818 seconds.
                    
      Regenerating: 1 file(s) changed at 2024-07-17 22:23:24
                    nohup.out
                    ...done in 0.00241091 seconds.
                    
      Regenerating: 1 file(s) changed at 2024-07-17 22:23:24
                    nohup.out
                    ...done in 0.002426559 seconds.
                    
      Regenerating: 1 file(s) changed at 2024-07-17 22:23:24
                    nohup.out
                    ...done in 0.002651178 seconds.
                    
      Regenerating: 1 file(s) changed at 2024-07-17 22:23:24
                    nohup.out
                    ...done in 0.002576049 seconds.
                    
      Regenerating: 1 file(s) changed at 2024-07-17 22:23:24
                    nohup.out
                    ...done in 0.002492192 seconds.
                    
      Regenerating: 1 file(s) changed at 2024-07-17 22:23:24
                    nohup.out
                    ...done in 0.002467836 seconds.
                    
      Regenerating: 1 file(s) changed at 2024-07-17 22:23:24
                    nohup.out
                    ...done in 0.002771082 seconds.
                    
      Regenerating: 1 file(s) changed at 2024-07-17 22:23:24
                    nohup.out
                    ...done in 0.002531976 seconds.
                    
      Regenerating: 1 file(s) changed at 2024-07-17 22:23:24
                    nohup.out
                    ...done in 0.002435426 seconds.
                    
      Regenerating: 1 file(s) changed at 2024-07-17 22:23:25
                    nohup.out
                    ...done in 0.002708746 seconds.
                    
      Regenerating: 1 file(s) changed at 2024-07-17 22:23:25
                    nohup.out
                    ...done in 0.00244281 seconds.
                    
      Regenerating: 1 file(s) changed at 2024-07-17 22:23:25
                    nohup.out
                    ...done in 0.002883873 seconds.
                    
      Regenerating: 1 file(s) changed at 2024-07-17 22:23:25
                    nohup.out
                    ...done in 0.002459931 seconds.
                    
      Regenerating: 1 file(s) changed at 2024-07-17 22:23:25
                    nohup.out
                    ...done in 0.002810085 seconds.
                    
      Regenerating: 1 file(s) changed at 2024-07-17 22:23:25
                    nohup.out
                    ...done in 0.002461855 seconds.
                    
      Regenerating: 1 file(s) changed at 2024-07-17 22:23:25
                    nohup.out
                    ...done in 0.002659704 seconds.
                    
      Regenerating: 1 file(s) changed at 2024-07-17 22:23:25
                    nohup.out
                    ...done in 0.002479057 seconds.
                    
      Regenerating: 1 file(s) changed at 2024-07-17 22:23:25
                    nohup.out
                    ...done in 0.002440636 seconds.
                    
      Regenerating: 1 file(s) changed at 2024-07-17 22:23:25
                    nohup.out
                    ...done in 0.002390852 seconds.
                    
      Regenerating: 1 file(s) changed at 2024-07-17 22:23:26
                    nohup.out
                    ...done in 0.002723493 seconds.
                    
      Regenerating: 1 file(s) changed at 2024-07-17 22:23:26
                    nohup.out
                    ...done in 0.002649355 seconds.
                    
      Regenerating: 1 file(s) changed at 2024-07-17 22:23:26
                    nohup.out
                    ...done in 0.002415819 seconds.
                    
      Regenerating: 1 file(s) changed at 2024-07-17 22:23:26
                    nohup.out
                    ...done in 0.002422411 seconds.
                    
      Regenerating: 1 file(s) changed at 2024-07-17 22:23:26
                    nohup.out
                    ...done in 0.002404107 seconds.
                    
      Regenerating: 1 file(s) changed at 2024-07-17 22:23:26
                    nohup.out
                    ...done in 0.002569516 seconds.
                    
      Regenerating: 1 file(s) changed at 2024-07-17 22:23:26
                    nohup.out
                    ...done in 0.002439093 seconds.
                    
      Regenerating: 1 file(s) changed at 2024-07-17 22:23:26
                    nohup.out
                    ...done in 0.002375544 seconds.
                    
      Regenerating: 1 file(s) changed at 2024-07-17 22:23:26
                    nohup.out
                    ...done in 0.002431388 seconds.
                    
      Regenerating: 1 file(s) changed at 2024-07-17 22:23:27
                    nohup.out
                    ...done in 0.002835913 seconds.
                    
      Regenerating: 1 file(s) changed at 2024-07-17 22:23:27
                    nohup.out
                    ...done in 0.002495037 seconds.
                    
      Regenerating: 1 file(s) changed at 2024-07-17 22:23:27
                    nohup.out
                    ...done in 0.002441116 seconds.
                    
      Regenerating: 1 file(s) changed at 2024-07-17 22:23:27
                    nohup.out
                    ...done in 0.002506368 seconds.
                    
      Regenerating: 1 file(s) changed at 2024-07-17 22:23:27
                    nohup.out
                    ...done in 0.002484878 seconds.
                    
      Regenerating: 1 file(s) changed at 2024-07-17 22:23:27
                    nohup.out
                    ...done in 0.002799495 seconds.
                    
      Regenerating: 1 file(s) changed at 2024-07-17 22:23:27
                    nohup.out
                    ...done in 0.002490989 seconds.
                    
      Regenerating: 1 file(s) changed at 2024-07-17 22:23:27
                    nohup.out
                    ...done in 0.002433973 seconds.
                    
      Regenerating: 1 file(s) changed at 2024-07-17 22:23:27
                    nohup.out
                    ...done in 0.002426299 seconds.
                    
      Regenerating: 1 file(s) changed at 2024-07-17 22:23:27
                    nohup.out
                    ...done in 0.002660766 seconds.
                    
      Regenerating: 1 file(s) changed at 2024-07-17 22:23:28
                    nohup.out
                    ...done in 0.002805577 seconds.
                    
      Regenerating: 1 file(s) changed at 2024-07-17 22:23:28
                    nohup.out
                    ...done in 0.002403176 seconds.
                    
      Regenerating: 1 file(s) changed at 2024-07-17 22:23:28
                    nohup.out
                    ...done in 0.00240041 seconds.
                    
      Regenerating: 1 file(s) changed at 2024-07-17 22:23:28
                    nohup.out
                    ...done in 0.002440505 seconds.
                    
      Regenerating: 1 file(s) changed at 2024-07-17 22:23:28
                    nohup.out
                    ...done in 0.002645789 seconds.
                    
      Regenerating: 1 file(s) changed at 2024-07-17 22:23:28
                    nohup.out
                    ...done in 0.002423844 seconds.
                    
      Regenerating: 1 file(s) changed at 2024-07-17 22:23:28
                    nohup.out
                    ...done in 0.002467275 seconds.
                    
      Regenerating: 1 file(s) changed at 2024-07-17 22:23:28
                    nohup.out
                    ...done in 0.002428623 seconds.
                    
      Regenerating: 1 file(s) changed at 2024-07-17 22:23:28
                    nohup.out
                    ...done in 0.002622695 seconds.
                    
      Regenerating: 1 file(s) changed at 2024-07-17 22:23:28
                    nohup.out
                    ...done in 0.002469749 seconds.
                    
      Regenerating: 1 file(s) changed at 2024-07-17 22:23:29
                    nohup.out
                    ...done in 0.002741136 seconds.
                    
      Regenerating: 1 file(s) changed at 2024-07-17 22:23:29
                    nohup.out
                    ...done in 0.002448831 seconds.
                    
      Regenerating: 1 file(s) changed at 2024-07-17 22:23:29
                    nohup.out
                    ...done in 0.002880406 seconds.
                    
      Regenerating: 1 file(s) changed at 2024-07-17 22:23:29
                    nohup.out
                    ...done in 0.002592188 seconds.
                    
      Regenerating: 1 file(s) changed at 2024-07-17 22:23:29
                    nohup.out
                    ...done in 0.002476893 seconds.
                    
      Regenerating: 1 file(s) changed at 2024-07-17 22:23:29
                    nohup.out
                    ...done in 0.002445805 seconds.
                    
      Regenerating: 1 file(s) changed at 2024-07-17 22:23:29
                    nohup.out
                    ...done in 0.00246472 seconds.
                    
      Regenerating: 1 file(s) changed at 2024-07-17 22:23:29
                    nohup.out
                    ...done in 0.002703897 seconds.
                    
      Regenerating: 1 file(s) changed at 2024-07-17 22:23:29
                    nohup.out
                    ...done in 0.002452428 seconds.
                    
      Regenerating: 1 file(s) changed at 2024-07-17 22:23:29
                    nohup.out
                    ...done in 0.002419756 seconds.
                    
      Regenerating: 1 file(s) changed at 2024-07-17 22:23:30
                    nohup.out
                    ...done in 0.002752418 seconds.
                    
      Regenerating: 1 file(s) changed at 2024-07-17 22:23:30
                    nohup.out
                    ...done in 0.002664543 seconds.
                    
      Regenerating: 1 file(s) changed at 2024-07-17 22:23:30
                    nohup.out
                    ...done in 0.002467496 seconds.
                    
      Regenerating: 1 file(s) changed at 2024-07-17 22:23:30
                    nohup.out
                    ...done in 0.002479859 seconds.
                    
      Regenerating: 1 file(s) changed at 2024-07-17 22:23:30
                    nohup.out
                    ...done in 0.00243243 seconds.
                    
      Regenerating: 1 file(s) changed at 2024-07-17 22:23:30
                    nohup.out
                    ...done in 0.002588892 seconds.
                    
      Regenerating: 1 file(s) changed at 2024-07-17 22:23:30
                    nohup.out
                    ...done in 0.002503643 seconds.
                    
      Regenerating: 1 file(s) changed at 2024-07-17 22:23:30
                    nohup.out
                    ...done in 0.002457176 seconds.
                    
      Regenerating: 1 file(s) changed at 2024-07-17 22:23:30
                    nohup.out
                    ...done in 0.002466734 seconds.
                    
